commit 04f21ce252b62b56002c2c35e3c6174f666f8b79
Author: Anthony Nguyen <anthony@cs.utexas.edu>
Date:   Tue Jun 14 10:26:24 2016 -0500

    another commit

commit e0a3cd155a345eb87847ca00f9e7014f89e39848
Author: Anthony Nguyen <anthony@cs.utexas.edu>
Date:   Tue Jun 14 10:15:58 2016 -0500

    travis ci failure should be resolved now

commit 4eb1b6d3c7500625f650f3619aa117b804722a91
Author: Anthony Nguyen <anthony@cs.utexas.edu>
Date:   Tue Jun 14 10:10:19 2016 -0500

    resolved #16 : ready to submit

commit 47e6bec9b1e21eeab830971ae7a8c4a1891ce71a
Author: Nguyen <asn579@wireless-10-145-135-33.public.utexas.edu>
Date:   Tue Jun 14 09:01:30 2016 -0500

    UVa submission now at 0.00 resolves #14

commit e891342f0c0f0eda40a95bb56533ac6b4e33e4b5
Author: Nguyen <asn579@acts-853619.local>
Date:   Mon Jun 13 21:40:08 2016 -0500

    removing subfolder

commit c05d211d30dc4b98f64474771e1411239e9f9a67
Author: asnguyen <asnguyen@users.noreply.github.com>
Date:   Mon Jun 13 20:39:54 2016 -0500

    Delete RunCollatz.c++

commit 0b733e1c6ddfaaa87d49eb00286afd7c329dd3b5
Author: asnguyen <asnguyen@users.noreply.github.com>
Date:   Mon Jun 13 20:39:48 2016 -0500

    Delete RunCollatz

commit a46c1df1fc34b3425c07c7c0d8d52131579731ca
Author: asnguyen <asnguyen@users.noreply.github.com>
Date:   Mon Jun 13 20:39:42 2016 -0500

    Delete Doxyfile

commit da59e72d6894c4cd96aab3feac1d5915328d9861
Author: asnguyen <asnguyen@users.noreply.github.com>
Date:   Mon Jun 13 20:39:37 2016 -0500

    Delete Collatz.log

commit 7acfe994f621f0359d83a0aeef7d3868e4b353e3
Author: asnguyen <asnguyen@users.noreply.github.com>
Date:   Mon Jun 13 20:39:31 2016 -0500

    Delete Collatz.h

commit 931d06848f920f2b75a3b88f88bbb1d70eeee3c2
Author: asnguyen <asnguyen@users.noreply.github.com>
Date:   Mon Jun 13 20:39:24 2016 -0500

    Delete Collatz.gcno

commit 910de41e705f0872726a3d451b73341722c07971
Author: asnguyen <asnguyen@users.noreply.github.com>
Date:   Mon Jun 13 20:39:20 2016 -0500

    Delete Collatz.gcda

commit 483d3fbd895786f92eef8a6592361cac0c72a4b5
Author: asnguyen <asnguyen@users.noreply.github.com>
Date:   Mon Jun 13 20:39:14 2016 -0500

    Delete RunCollatz.in

commit 417f22bacdedd3732062b3ed56af85777cb6887a
Author: asnguyen <asnguyen@users.noreply.github.com>
Date:   Mon Jun 13 20:39:08 2016 -0500

    Delete RunCollatz.out

commit d739760a17fa5d4ad8b028170fdc9b2f301aed78
Author: asnguyen <asnguyen@users.noreply.github.com>
Date:   Mon Jun 13 20:39:02 2016 -0500

    Delete RunCollatz.tmp

commit c76405d4badf00f0d1060804fd63ba841bc3287a
Author: asnguyen <asnguyen@users.noreply.github.com>
Date:   Mon Jun 13 20:38:38 2016 -0500

    Delete Collatz.c++

commit 7ee7f7648ea4dd3522a2ea07610941bb942d895d
Author: asnguyen <asnguyen@users.noreply.github.com>
Date:   Mon Jun 13 20:38:28 2016 -0500

    Delete TestCollatz

commit b4333794ad31e844fc618fac3d43a7dc0ea264e7
Author: asnguyen <asnguyen@users.noreply.github.com>
Date:   Mon Jun 13 20:37:19 2016 -0500

    Delete TestCollatz.c++

commit 2797b84548e207450f74272c8d37f56fe60fca9e
Author: asnguyen <asnguyen@users.noreply.github.com>
Date:   Mon Jun 13 20:37:09 2016 -0500

    Delete TestCollatz.gcda

commit 477f56c22fe3245164e4be275f6232d0b76d1a8f
Author: asnguyen <asnguyen@users.noreply.github.com>
Date:   Mon Jun 13 20:37:03 2016 -0500

    Delete TestCollatz.gcno

commit 7f37337481c96e6ade9a29e9cebde96c32366c7e
Author: asnguyen <asnguyen@users.noreply.github.com>
Date:   Mon Jun 13 20:36:58 2016 -0500

    Delete TestCollatz.out

commit 4e094090edc0caacc2de7564938d56b0808c78c1
Author: asnguyen <asnguyen@users.noreply.github.com>
Date:   Mon Jun 13 20:36:52 2016 -0500

    Delete TestCollatz.tmp

commit e293b8fc9005b01dc5acf399d622f67dc8de7b86
Author: asnguyen <asnguyen@users.noreply.github.com>
Date:   Mon Jun 13 20:36:34 2016 -0500

    Delete UVaCollatz.c++

commit e9e83faef84f62a3bee313f0eb05ebd3dc33a022
Author: asnguyen <asnguyen@users.noreply.github.com>
Date:   Mon Jun 13 20:36:12 2016 -0500

    Delete gmon.out

commit fd48c17db55da2f77458cd5e1bf87203f3b64491
Author: asnguyen <asnguyen@users.noreply.github.com>
Date:   Mon Jun 13 20:36:06 2016 -0500

    Delete j

commit 4b9726e18c8f663b498164fd244e0d08d0097e4c
Author: asnguyen <asnguyen@users.noreply.github.com>
Date:   Mon Jun 13 20:35:55 2016 -0500

    Delete makefile

commit 0a8ceb8560682863891c9ba87d4b0f4281d72bcd
Author: asnguyen <asnguyen@users.noreply.github.com>
Date:   Mon Jun 13 20:25:45 2016 -0500

    moving files out of subfolder

commit 4bbbe5339c2e5743073b9e2da392f3122ae74bff
Author: Nguyen <asn579@wireless-10-147-2-68.public.utexas.edu>
Date:   Mon Jun 13 20:09:04 2016 -0500

    make format

commit 81891ac1c3ae8f58ee28a6caabb5799b37bc80fe
Author: Anthony Nguyen <anthony@cs.utexas.edu>
Date:   Mon Jun 13 19:55:53 2016 -0500

    solved #10 : inline comments

commit 2ef79dfd3ec9a3a393516f10f80ceb05738f6e3e
Author: Anthony Nguyen <anthony@cs.utexas.edu>
Date:   Mon Jun 13 19:45:58 2016 -0500

    solved #9 : Optimization for UVa

commit e6732788e757b481de4a15ee161ff165e41754c2
Author: Anthony Nguyen <anthony@cs.utexas.edu>
Date:   Mon Jun 13 19:37:18 2016 -0500

    solve #5 : Create UVaCollatz.c++

commit 9ad87aab0bd8f9f51a9cc6a009b66e6f6340c042
Author: Anthony Nguyen <anthony@cs.utexas.edu>
Date:   Mon Jun 13 19:26:55 2016 -0500

    featured tagged optimization

commit 62eda9629018a5a4ac32dc14b6bacc5f2c55284f
Author: Anthony Nguyen <anthony@cs.utexas.edu>
Date:   Mon Jun 13 19:12:33 2016 -0500

    solved #8 : Implement the simplest optimization

commit 22f25bcdd4f2d3cc1c37f126186db53816ce332e
Author: Nguyen <asn579@wireless-10-145-135-33.public.utexas.edu>
Date:   Mon Jun 13 13:58:01 2016 -0500

    another commit

commit de2a289f11216b1cd9fe15f8a51f838d4fed0a86
Author: Nguyen <asn579@wireless-10-145-135-33.public.utexas.edu>
Date:   Mon Jun 13 13:36:11 2016 -0500

    Fixed #8 : implement the simplest optimization

commit ac1cc596d0566e3e85e18fd59783437e26c11604
Author: Nguyen <asn579@wireless-10-145-135-33.public.utexas.edu>
Date:   Mon Jun 13 13:33:26 2016 -0500

    Fixed #8 : implement the simplest optimization

commit 7b581704d7185702d48286450986ea49e60da34d
Author: Nguyen <asn579@wireless-10-145-135-33.public.utexas.edu>
Date:   Mon Jun 13 13:17:09 2016 -0500

    Fixed #8 : implement the simplest optimization

commit 077f76d2bfa1aff151a1340fac978138c91023d8
Author: Nguyen <asn579@wireless-10-145-116-140.public.utexas.edu>
Date:   Mon Jun 13 09:13:35 2016 -0500

    added more test to RunCollatz.in and RunCollatz.out. this closes #7

commit 0eeb2094da19dcc1d31a2cbb3e56cb8b2b89279c
Author: Nguyen <asn579@wireless-10-145-135-33.public.utexas.edu>
Date:   Thu Jun 9 16:13:57 2016 -0500

    UVACollatz.c++ is accepted

commit 8680cb3fddc785e12de450a6f3083f960b22a4e4
Merge: 20aea0a af50c3a
Author: Anthony Nguyen <anthony@cs.utexas.edu>
Date:   Thu Jun 9 09:38:17 2016 -0500

    Fixed TestCollatz.c++

commit af50c3aca631e64d3b9f0ac33d2241ecf82b77f7
Author: Nguyen <asn579@wireless-10-145-135-33.public.utexas.edu>
Date:   Thu Jun 9 09:17:48 2016 -0500

    adding more unit test to TestCollatz.c++ #3

commit a9fef42c890f0204c1fcc84b8af230ae3aaf42da
Author: Anthony Nguyen <anthony@cs.utexas.edu>
Date:   Tue Jun 7 19:35:07 2016 -0500

    another commit

commit 20aea0a969d35fd30453131e8415843ae08bcf55
Author: Anthony Nguyen <anthony@cs.utexas.edu>
Date:   Tue Jun 7 19:13:19 2016 -0500

    all .out files should be there

commit a5028407289e37e8fd05fd9635df0b129b804258
Author: asnguyen <asnguyen@users.noreply.github.com>
Date:   Tue Jun 7 19:12:31 2016 -0500

    Update .gitignore

commit 008aacb08270da1ee84a4a42d5ba71dd0e988ea9
Author: Anthony Nguyen <anthony@cs.utexas.edu>
Date:   Tue Jun 7 19:04:07 2016 -0500

    travis attempt 3. RunCollatz.out should be there

commit 64e28d692ccbc251ddd44c6116457d7bea5588a8
Author: Anthony Nguyen <anthony@cs.utexas.edu>
Date:   Tue Jun 7 18:46:51 2016 -0500

    travis attempt 2. added the makefile

commit 42cae19bf5d1acc2199fb1d5735a171521161864
Author: Anthony Nguyen <anthony@cs.utexas.edu>
Date:   Tue Jun 7 18:39:17 2016 -0500

    travis attempt 1

commit 0b9162e6e7886df30ff207ee2954709c4702c68c
Author: Anthony Nguyen <anthony@cs.utexas.edu>
Date:   Tue Jun 7 18:29:14 2016 -0500

    fixed eval in TestCollatz

commit 003bf80d0bd751fe306c3efa435e878c92cb2661
Merge: cd7783b 6843d91
Author: Anthony Nguyen <anthony@cs.utexas.edu>
Date:   Tue Jun 7 18:22:18 2016 -0500

    fixed the .travis.yml file

commit cd7783b743e1f8e1210e9820e0eac0b12b68971b
Author: Anthony Nguyen <anthony@cs.utexas.edu>
Date:   Tue Jun 7 18:20:50 2016 -0500

    fixed the .travis.yml file

commit 6843d912afc21f4c62ae838f7e8c8691dceb8eed
Author: asnguyen <asnguyen@users.noreply.github.com>
Date:   Tue Jun 7 18:19:35 2016 -0500

    Delete .travis.yml

commit 5837b092e01416676fa35c25adf865c8c177f875
Author: asnguyen <asnguyen@users.noreply.github.com>
Date:   Tue Jun 7 18:19:16 2016 -0500

    Delete .travis.yml

commit 5b13f330598aee14ba7fbc9060c71a9069e1be7b
Author: Anthony Nguyen <anthony@cs.utexas.edu>
Date:   Tue Jun 7 18:02:49 2016 -0500

    Implemented the simplest possible solution. fixes #4

commit 007de534fd5ea97ce6b848fc64abcb15b11e5127
Author: Anthony Nguyen <anthony@cs.utexas.edu>
Date:   Tue Jun 7 17:21:37 2016 -0500

    RunCollatz.c++ and TestCollatz.c++ succeed

commit 65522c7589556c20c7f7a70440255a27e46e8074
Author: asnguyen <asnguyen@users.noreply.github.com>
Date:   Tue Jun 7 08:19:59 2016 -0500

    Update .gitignore
