commit 912bf30a38703ad1de6c5cde40954d6c979e86f2
Author: Glenn Downing <downing@cs.utexas.edu>
Date:   Tue Jun 7 12:34:18 2016 -0500

    another commit

commit 2d47a2332e7bb48ceb06eb34ff7dd06e5b998f37
Author: Glenn Downing <downing@cs.utexas.edu>
Date:   Tue Jun 7 12:32:49 2016 -0500

    another commit

commit 0952b089b3d926e120d01c39460ef60fa0b3dfb1
Author: Glenn Downing <downing@cs.utexas.edu>
Date:   Tue Jun 7 12:25:22 2016 -0500

    another commit

commit 790907b4022b632850a323b7a215064cf4a5ac1f
Author: Glenn Downing <downing@cs.utexas.edu>
Date:   Tue Jun 7 12:20:19 2016 -0500

    another commit

commit 57504768667ef39ab5bcf75b897f3e27f63f3eba
Author: Glenn Downing <downing@cs.utexas.edu>
Date:   Tue Jun 7 12:19:52 2016 -0500

    another commit

commit 4e971577cba13d9115c2e5ad6e13f8ddba06a69f
Author: Glenn Downing <downing@cs.utexas.edu>
Date:   Tue Jun 7 12:16:32 2016 -0500

    another commit

commit 705d1b694e208e630e12ac8bfb3e649ff770de0d
Author: Glenn Downing <downing@cs.utexas.edu>
Date:   Tue Jun 7 12:11:36 2016 -0500

    another commit

commit 7de10dab890d78e5016638b4de46bbf9172e4f8a
Author: Glenn Downing <downing@cs.utexas.edu>
Date:   Mon Jun 6 23:52:30 2016 -0500

    another commit

commit ada9a916e96ac5c0710d9b39dfc39a737e27f781
Author: Glenn Downing <downing@cs.utexas.edu>
Date:   Sun Jun 5 09:01:24 2016 -0500

    another commit

commit 88c51dd090e2f2bca1f8cfaa4d4702a70cde670f
Author: Glenn Downing <downing@cs.utexas.edu>
Date:   Sun Jun 5 08:44:59 2016 -0500

    another commit

commit fedc14389f775f36affe7ae4b3a083dd8e1bc6fe
Author: Glenn Downing <downing@cs.utexas.edu>
Date:   Sun Jun 5 08:39:36 2016 -0500

    another commit

commit 70ec2594974bcf64cbed0a965a891cca5583e26e
Author: Glenn Downing <downing@cs.utexas.edu>
Date:   Thu Jun 2 18:17:07 2016 -0500

    another commit

commit 4166bc6ac4c6ce5bbea7b59c5d7dd68a6ff1aaaf
Author: Glenn Downing <downing@cs.utexas.edu>
Date:   Thu Jun 2 18:00:20 2016 -0500

    another commit

commit 20b9a9f840fd2db2dba2766fbc381714887fbb67
Author: Glenn Downing <downing@cs.utexas.edu>
Date:   Thu Jun 2 17:59:49 2016 -0500

    first commit
